<?xml version="1.0" encoding="UTF-8"?>
<!-- Generated by org.testng.reporters.JUnitXMLReporter -->
<testsuite ignored="0" hostname="NDI-LAP-138" failures="0" tests="3" name="Default test" time="70.629" errors="0" timestamp="2022-09-28T17:32:23 IST">
  <testcase classname="testcases.EmployeeTestCase" name="employee" time="26.678"/>
  <testcase classname="testcases.EmployeeTestCase" name="employee" time="23.186"/>
  <testcase classname="testcases.EmployeeTestCase" name="clearFiltersTest" time="0.623"/>
</testsuite> <!-- Default test -->
