<?xml version="1.0" encoding="UTF-8"?>
<testng-results ignored="0" total="3" passed="3" failed="0" skipped="0">
  <reporter-output>
  </reporter-output>
  <suite started-at="2022-09-28T17:31:12 IST" name="Default suite" finished-at="2022-09-28T17:32:23 IST" duration-ms="70629">
    <groups>
    </groups>
    <test started-at="2022-09-28T17:31:12 IST" name="Default test" finished-at="2022-09-28T17:32:23 IST" duration-ms="70629">
      <class name="testcases.EmployeeTestCase">
        <test-method is-config="true" signature="before()[pri:0, instance:testcases.EmployeeTestCase@413d1baf]" started-at="2022-09-28T17:31:12 IST" name="before" finished-at="2022-09-28T17:31:13 IST" duration-ms="274" status="PASS">
          <reporter-output>
          </reporter-output>
        </test-method> <!-- before -->
        <test-method is-config="true" signature="setUp()[pri:0, instance:testcases.EmployeeTestCase@413d1baf]" started-at="2022-09-28T17:31:13 IST" name="setUp" finished-at="2022-09-28T17:31:31 IST" duration-ms="18871" status="PASS">
          <reporter-output>
          </reporter-output>
        </test-method> <!-- setUp -->
        <test-method is-config="true" signature="beforeMethod(java.lang.reflect.Method)[pri:0, instance:testcases.EmployeeTestCase@413d1baf]" started-at="2022-09-28T17:31:31 IST" name="beforeMethod" finished-at="2022-09-28T17:31:31 IST" duration-ms="7" status="PASS">
          <params>
            <param index="0">
              <value>
                <![CDATA[public void testcases.EmployeeTestCase.employee(java.lang.String,java.lang.String,java.lang.String,java.lang.String) throws java.lang.InterruptedException]]>
              </value>
            </param>
          </params>
          <reporter-output>
          </reporter-output>
        </test-method> <!-- beforeMethod -->
        <test-method signature="employee(java.lang.String,java.lang.String,java.lang.String,java.lang.String)[pri:0, instance:testcases.EmployeeTestCase@413d1baf]" started-at="2022-09-28T17:31:31 IST" name="employee" data-provider="testData" finished-at="2022-09-28T17:31:58 IST" duration-ms="26678" status="PASS">
          <params>
            <param index="0">
              <value>
                <![CDATA[Priyaaa]]>
              </value>
            </param>
            <param index="1">
              <value>
                <![CDATA[Rama]]>
              </value>
            </param>
            <param index="2">
              <value>
                <![CDATA[2022-09-29]]>
              </value>
            </param>
            <param index="3">
              <value>
                <![CDATA[India Office]]>
              </value>
            </param>
          </params>
          <reporter-output>
          </reporter-output>
        </test-method> <!-- employee -->
        <test-method is-config="true" signature="beforeMethod(java.lang.reflect.Method)[pri:0, instance:testcases.EmployeeTestCase@413d1baf]" started-at="2022-09-28T17:31:58 IST" name="beforeMethod" finished-at="2022-09-28T17:31:58 IST" duration-ms="0" status="PASS">
          <params>
            <param index="0">
              <value>
                <![CDATA[public void testcases.EmployeeTestCase.employee(java.lang.String,java.lang.String,java.lang.String,java.lang.String) throws java.lang.InterruptedException]]>
              </value>
            </param>
          </params>
          <reporter-output>
          </reporter-output>
        </test-method> <!-- beforeMethod -->
        <test-method signature="employee(java.lang.String,java.lang.String,java.lang.String,java.lang.String)[pri:0, instance:testcases.EmployeeTestCase@413d1baf]" started-at="2022-09-28T17:31:58 IST" name="employee" data-provider="testData" finished-at="2022-09-28T17:32:21 IST" duration-ms="23186" status="PASS">
          <params>
            <param index="0">
              <value>
                <![CDATA[Sammy]]>
              </value>
            </param>
            <param index="1">
              <value>
                <![CDATA[Rama]]>
              </value>
            </param>
            <param index="2">
              <value>
                <![CDATA[2022-09-29]]>
              </value>
            </param>
            <param index="3">
              <value>
                <![CDATA[Germany Office]]>
              </value>
            </param>
          </params>
          <reporter-output>
          </reporter-output>
        </test-method> <!-- employee -->
        <test-method signature="clearFiltersTest()[pri:0, instance:testcases.EmployeeTestCase@413d1baf]" started-at="2022-09-28T17:32:21 IST" name="clearFiltersTest" finished-at="2022-09-28T17:32:22 IST" depends-on-methods="testcases.EmployeeTestCase.employee" duration-ms="623" status="PASS">
          <reporter-output>
          </reporter-output>
        </test-method> <!-- clearFiltersTest -->
        <test-method is-config="true" signature="beforeMethod(java.lang.reflect.Method)[pri:0, instance:testcases.EmployeeTestCase@413d1baf]" started-at="2022-09-28T17:32:21 IST" name="beforeMethod" finished-at="2022-09-28T17:32:21 IST" duration-ms="0" status="PASS">
          <params>
            <param index="0">
              <value>
                <![CDATA[public void testcases.EmployeeTestCase.clearFiltersTest()]]>
              </value>
            </param>
          </params>
          <reporter-output>
          </reporter-output>
        </test-method> <!-- beforeMethod -->
        <test-method is-config="true" signature="close()[pri:0, instance:testcases.EmployeeTestCase@413d1baf]" started-at="2022-09-28T17:32:22 IST" name="close" finished-at="2022-09-28T17:32:22 IST" duration-ms="494" status="PASS">
          <reporter-output>
          </reporter-output>
        </test-method> <!-- close -->
        <test-method is-config="true" signature="after()[pri:0, instance:testcases.EmployeeTestCase@413d1baf]" started-at="2022-09-28T17:32:22 IST" name="after" finished-at="2022-09-28T17:32:23 IST" duration-ms="413" status="PASS">
          <reporter-output>
          </reporter-output>
        </test-method> <!-- after -->
      </class> <!-- testcases.EmployeeTestCase -->
    </test> <!-- Default test -->
  </suite> <!-- Default suite -->
</testng-results>
